starting build

**********************************************************************

Test build
build xv6 using make

**********************************************************************
Trying to build project using make
make xv6.img fs.img
make: 'xv6.img' is up to date.
gcc -fno-pic -static -fno-builtin -fno-strict-aliasing -O2 -Wall -MD -ggdb -m32 -Werror -fno-omit-frame-pointer -fno-stack-protector -fno-pie -no-pie   -c -o cat.o cat.c
gcc -fno-pic -static -fno-builtin -fno-strict-aliasing -O2 -Wall -MD -ggdb -m32 -Werror -fno-omit-frame-pointer -fno-stack-protector -fno-pie -no-pie   -c -o ulib.o ulib.c
gcc -fno-pic -static -fno-builtin -fno-strict-aliasing -O2 -Wall -MD -ggdb -m32 -Werror -fno-omit-frame-pointer -fno-stack-protector -fno-pie -no-pie   -c -o printf.o printf.c
gcc -fno-pic -static -fno-builtin -fno-strict-aliasing -O2 -Wall -MD -ggdb -m32 -Werror -fno-omit-frame-pointer -fno-stack-protector -fno-pie -no-pie   -c -o umalloc.o umalloc.c
ld -m    elf_i386 -N -e main -Ttext 0 -o _cat cat.o ulib.o usys.o printf.o umalloc.o
objdump -S _cat > cat.asm
objdump -t _cat | sed '1,/SYMBOL TABLE/d; s/ .* / /; /^$/d' > cat.sym
gcc -fno-pic -static -fno-builtin -fno-strict-aliasing -O2 -Wall -MD -ggdb -m32 -Werror -fno-omit-frame-pointer -fno-stack-protector -fno-pie -no-pie   -c -o echo.o echo.c
ld -m    elf_i386 -N -e main -Ttext 0 -o _echo echo.o ulib.o usys.o printf.o umalloc.o
objdump -S _echo > echo.asm
objdump -t _echo | sed '1,/SYMBOL TABLE/d; s/ .* / /; /^$/d' > echo.sym
gcc -fno-pic -static -fno-builtin -fno-strict-aliasing -O2 -Wall -MD -ggdb -m32 -Werror -fno-omit-frame-pointer -fno-stack-protector -fno-pie -no-pie   -c -o forktest.o forktest.c
# forktest has less library code linked in - needs to be small
# in order to be able to max out the proc table.
ld -m    elf_i386 -N -e main -Ttext 0 -o _forktest forktest.o ulib.o usys.o
objdump -S _forktest > forktest.asm
gcc -fno-pic -static -fno-builtin -fno-strict-aliasing -O2 -Wall -MD -ggdb -m32 -Werror -fno-omit-frame-pointer -fno-stack-protector -fno-pie -no-pie   -c -o grep.o grep.c
ld -m    elf_i386 -N -e main -Ttext 0 -o _grep grep.o ulib.o usys.o printf.o umalloc.o
objdump -S _grep > grep.asm
objdump -t _grep | sed '1,/SYMBOL TABLE/d; s/ .* / /; /^$/d' > grep.sym
gcc -fno-pic -static -fno-builtin -fno-strict-aliasing -O2 -Wall -MD -ggdb -m32 -Werror -fno-omit-frame-pointer -fno-stack-protector -fno-pie -no-pie   -c -o init.o init.c
ld -m    elf_i386 -N -e main -Ttext 0 -o _init init.o ulib.o usys.o printf.o umalloc.o
objdump -S _init > init.asm
objdump -t _init | sed '1,/SYMBOL TABLE/d; s/ .* / /; /^$/d' > init.sym
gcc -fno-pic -static -fno-builtin -fno-strict-aliasing -O2 -Wall -MD -ggdb -m32 -Werror -fno-omit-frame-pointer -fno-stack-protector -fno-pie -no-pie   -c -o kill.o kill.c
ld -m    elf_i386 -N -e main -Ttext 0 -o _kill kill.o ulib.o usys.o printf.o umalloc.o
objdump -S _kill > kill.asm
objdump -t _kill | sed '1,/SYMBOL TABLE/d; s/ .* / /; /^$/d' > kill.sym
gcc -fno-pic -static -fno-builtin -fno-strict-aliasing -O2 -Wall -MD -ggdb -m32 -Werror -fno-omit-frame-pointer -fno-stack-protector -fno-pie -no-pie   -c -o ln.o ln.c
ld -m    elf_i386 -N -e main -Ttext 0 -o _ln ln.o ulib.o usys.o printf.o umalloc.o
objdump -S _ln > ln.asm
objdump -t _ln | sed '1,/SYMBOL TABLE/d; s/ .* / /; /^$/d' > ln.sym
gcc -fno-pic -static -fno-builtin -fno-strict-aliasing -O2 -Wall -MD -ggdb -m32 -Werror -fno-omit-frame-pointer -fno-stack-protector -fno-pie -no-pie   -c -o ls.o ls.c
ld -m    elf_i386 -N -e main -Ttext 0 -o _ls ls.o ulib.o usys.o printf.o umalloc.o
objdump -S _ls > ls.asm
objdump -t _ls | sed '1,/SYMBOL TABLE/d; s/ .* / /; /^$/d' > ls.sym
gcc -fno-pic -static -fno-builtin -fno-strict-aliasing -O2 -Wall -MD -ggdb -m32 -Werror -fno-omit-frame-pointer -fno-stack-protector -fno-pie -no-pie   -c -o mkdir.o mkdir.c
ld -m    elf_i386 -N -e main -Ttext 0 -o _mkdir mkdir.o ulib.o usys.o printf.o umalloc.o
objdump -S _mkdir > mkdir.asm
objdump -t _mkdir | sed '1,/SYMBOL TABLE/d; s/ .* / /; /^$/d' > mkdir.sym
gcc -fno-pic -static -fno-builtin -fno-strict-aliasing -O2 -Wall -MD -ggdb -m32 -Werror -fno-omit-frame-pointer -fno-stack-protector -fno-pie -no-pie   -c -o rm.o rm.c
ld -m    elf_i386 -N -e main -Ttext 0 -o _rm rm.o ulib.o usys.o printf.o umalloc.o
objdump -S _rm > rm.asm
objdump -t _rm | sed '1,/SYMBOL TABLE/d; s/ .* / /; /^$/d' > rm.sym
gcc -fno-pic -static -fno-builtin -fno-strict-aliasing -O2 -Wall -MD -ggdb -m32 -Werror -fno-omit-frame-pointer -fno-stack-protector -fno-pie -no-pie   -c -o sh.o sh.c
ld -m    elf_i386 -N -e main -Ttext 0 -o _sh sh.o ulib.o usys.o printf.o umalloc.o
objdump -S _sh > sh.asm
objdump -t _sh | sed '1,/SYMBOL TABLE/d; s/ .* / /; /^$/d' > sh.sym
gcc -fno-pic -static -fno-builtin -fno-strict-aliasing -O2 -Wall -MD -ggdb -m32 -Werror -fno-omit-frame-pointer -fno-stack-protector -fno-pie -no-pie   -c -o stressfs.o stressfs.c
ld -m    elf_i386 -N -e main -Ttext 0 -o _stressfs stressfs.o ulib.o usys.o printf.o umalloc.o
objdump -S _stressfs > stressfs.asm
objdump -t _stressfs | sed '1,/SYMBOL TABLE/d; s/ .* / /; /^$/d' > stressfs.sym
gcc -fno-pic -static -fno-builtin -fno-strict-aliasing -O2 -Wall -MD -ggdb -m32 -Werror -fno-omit-frame-pointer -fno-stack-protector -fno-pie -no-pie   -c -o usertests.o usertests.c
ld -m    elf_i386 -N -e main -Ttext 0 -o _usertests usertests.o ulib.o usys.o printf.o umalloc.o
objdump -S _usertests > usertests.asm
objdump -t _usertests | sed '1,/SYMBOL TABLE/d; s/ .* / /; /^$/d' > usertests.sym
gcc -fno-pic -static -fno-builtin -fno-strict-aliasing -O2 -Wall -MD -ggdb -m32 -Werror -fno-omit-frame-pointer -fno-stack-protector -fno-pie -no-pie   -c -o wc.o wc.c
ld -m    elf_i386 -N -e main -Ttext 0 -o _wc wc.o ulib.o usys.o printf.o umalloc.o
objdump -S _wc > wc.asm
objdump -t _wc | sed '1,/SYMBOL TABLE/d; s/ .* / /; /^$/d' > wc.sym
gcc -fno-pic -static -fno-builtin -fno-strict-aliasing -O2 -Wall -MD -ggdb -m32 -Werror -fno-omit-frame-pointer -fno-stack-protector -fno-pie -no-pie   -c -o zombie.o zombie.c
ld -m    elf_i386 -N -e main -Ttext 0 -o _zombie zombie.o ulib.o usys.o printf.o umalloc.o
objdump -S _zombie > zombie.asm
objdump -t _zombie | sed '1,/SYMBOL TABLE/d; s/ .* / /; /^$/d' > zombie.sym
gcc -fno-pic -static -fno-builtin -fno-strict-aliasing -O2 -Wall -MD -ggdb -m32 -Werror -fno-omit-frame-pointer -fno-stack-protector -fno-pie -no-pie   -c -o getfilename.o getfilename.c
ld -m    elf_i386 -N -e main -Ttext 0 -o _getfilename getfilename.o ulib.o usys.o printf.o umalloc.o
objdump -S _getfilename > getfilename.asm
objdump -t _getfilename | sed '1,/SYMBOL TABLE/d; s/ .* / /; /^$/d' > getfilename.sym
gcc -fno-pic -static -fno-builtin -fno-strict-aliasing -O2 -Wall -MD -ggdb -m32 -Werror -fno-omit-frame-pointer -fno-stack-protector -fno-pie -no-pie   -c -o testwmap.o testwmap.c
ld -m    elf_i386 -N -e main -Ttext 0 -o _testwmap testwmap.o ulib.o usys.o printf.o umalloc.o
objdump -S _testwmap > testwmap.asm
objdump -t _testwmap | sed '1,/SYMBOL TABLE/d; s/ .* / /; /^$/d' > testwmap.sym
./mkfs fs.img README _cat _echo _forktest _grep _init _kill _ln _ls _mkdir _rm _sh _stressfs _usertests _wc _zombie _getfilename _testwmap 
nmeta 59 (boot, super, log blocks 30 inode blocks 26, bitmap blocks 1) blocks 941 total 1000
balloc: first 707 blocks have been allocated
balloc: write bitmap block at sector 58


test build PASSED
 (build xv6 using make)

starting test_1

**********************************************************************

Test test_1
Checks the presence of all system calls

**********************************************************************
Running xv6 user progam /home/cs537-1/tests/P4/1_starter_tests/test_1.c
DEBUG: cmd = ['/home/cs537-1/tests/P4/edit-makefile.sh', '/tmp/tmpzwbum9qw/p/Makefile', '/tmp/tmpzwbum9qw/p/Makefile.test']
Trying to build project using make
make xv6.img fs.img
/tmp/tmpzwbum9qw/p/Makefile
/tmp/tmpzwbum9qw/p/Makefile.test
make: 'xv6.img' is up to date.
make: 'fs.img' is up to date.
make qemu-nox CPUS=1
gcc -fno-pic -static -fno-builtin -fno-strict-aliasing -O2 -Wall -MD -ggdb -m32 -Werror -fno-omit-frame-pointer -fno-stack-protector -fno-pie -no-pie   -c -o tester.o tester.c
ld -m    elf_i386 -N -e main -Ttext 0 -o _tester tester.o ulib.o usys.o printf.o umalloc.o
ld: tester.o: in function `test_getpgdirinfo':
/tmp/tmpzwbum9qw/p/tester.c:40: undefined reference to `getpgdirinfo'
ld: tester.o: in function `test_getwmapinfo':
/tmp/tmpzwbum9qw/p/tester.c:62: undefined reference to `getwmapinfo'
make: *** [Makefile.test:149: _tester] Error 1
Traceback (most recent call last):
  File "/home/cs537-1/tests/P4/testing/pexpect.py", line 828, in read_nonblocking
    s = os.read(self.child_fd, size)
OSError: [Errno 5] Input/output error

During handling of the above exception, another exception occurred:

Traceback (most recent call last):
  File "/home/cs537-1/tests/P4/testing/pexpect.py", line 1377, in expect_loop
    c = self.read_nonblocking (self.maxread, timeout)
  File "/home/cs537-1/tests/P4/testing/pexpect.py", line 829, in read_nonblocking
    except OSError(e): # Linux does this
TypeError: catching classes that do not inherit from BaseException is not allowed

During handling of the above exception, another exception occurred:

NameError: name 'e' is not defined


test test_1 FAILED (0 of 1)
 (Checks the presence of all system calls)
 Unexpected exception name 'e' is not defined

Skipped 35 tests.
To keep testing after failing a test, use flag '-c' or '--continue'
